{"/Users/adarshatluri/Development/personal-assistant/frontend/src/components/Button.tsx": {"path":"/Users/adarshatluri/Development/personal-assistant/frontend/src/components/Button.tsx","statementMap":{"0":{"start":{"line":45,"column":4},"end":{"line":92,"column":null}}},"fnMap":{"0":{"name":"Button","decl":{"start":{"line":39,"column":9},"end":{"line":39,"column":16}},"loc":{"start":{"line":43,"column":20},"end":{"line":95,"column":null}},"line":43}},"branchMap":{"0":{"loc":{"start":{"line":41,"column":5},"end":{"line":41,"column":null}},"type":"default-arg","locations":[{"start":{"line":41,"column":17},"end":{"line":41,"column":null}}],"line":41}},"s":{"0":14},"f":{"0":14},"b":{"0":[14]},"meta":{"lastBranch":1,"lastFunction":1,"lastStatement":1,"seen":{"f:39:9:39:16":0,"b:41:17:41:Infinity":0,"s:45:4:92:Infinity":0},"fnNames":{}}}
,"/Users/adarshatluri/Development/personal-assistant/frontend/src/components/CollapsibleCard.tsx": {"path":"/Users/adarshatluri/Development/personal-assistant/frontend/src/components/CollapsibleCard.tsx","statementMap":{"0":{"start":{"line":56,"column":36},"end":{"line":56,"column":null}},"1":{"start":{"line":58,"column":4},"end":{"line":176,"column":null}},"2":{"start":{"line":85,"column":31},"end":{"line":85,"column":null}}},"fnMap":{"0":{"name":"CollapsibleCard","decl":{"start":{"line":42,"column":9},"end":{"line":42,"column":25}},"loc":{"start":{"line":47,"column":25},"end":{"line":180,"column":null}},"line":47},"1":{"name":"(anonymous_1)","decl":{"start":{"line":85,"column":16},"end":{"line":85,"column":31}},"loc":{"start":{"line":85,"column":31},"end":{"line":85,"column":null}},"line":85}},"branchMap":{"0":{"loc":{"start":{"line":138,"column":26},"end":{"line":138,"column":null}},"type":"cond-expr","locations":[{"start":{"line":138,"column":37},"end":{"line":138,"column":52}},{"start":{"line":138,"column":52},"end":{"line":138,"column":null}}],"line":138},"1":{"loc":{"start":{"line":157,"column":24},"end":{"line":159,"column":null}},"type":"cond-expr","locations":[{"start":{"line":158,"column":30},"end":{"line":158,"column":null}},{"start":{"line":159,"column":30},"end":{"line":159,"column":null}}],"line":157}},"s":{"0":10,"1":10,"2":3},"f":{"0":10,"1":3},"b":{"0":[8,2],"1":[8,2]},"meta":{"lastBranch":2,"lastFunction":2,"lastStatement":3,"seen":{"f:42:9:42:25":0,"s:56:36:56:Infinity":0,"s:58:4:176:Infinity":1,"f:85:16:85:31":1,"s:85:31:85:Infinity":2,"b:138:37:138:52:138:52:138:Infinity":0,"b:158:30:158:Infinity:159:30:159:Infinity":1},"fnNames":{}}}
,"/Users/adarshatluri/Development/personal-assistant/frontend/src/components/LoadingSpinner.tsx": {"path":"/Users/adarshatluri/Development/personal-assistant/frontend/src/components/LoadingSpinner.tsx","statementMap":{"0":{"start":{"line":13,"column":4},"end":{"line":20,"column":null}}},"fnMap":{"0":{"name":"LoadingSpinner","decl":{"start":{"line":11,"column":9},"end":{"line":11,"column":26}},"loc":{"start":{"line":11,"column":26},"end":{"line":24,"column":null}},"line":11}},"branchMap":{},"s":{"0":2},"f":{"0":2},"b":{},"meta":{"lastBranch":0,"lastFunction":1,"lastStatement":1,"seen":{"f:11:9:11:26":0,"s:13:4:20:Infinity":0},"fnNames":{}}}
,"/Users/adarshatluri/Development/personal-assistant/frontend/src/components/NavigationItem.tsx": {"path":"/Users/adarshatluri/Development/personal-assistant/frontend/src/components/NavigationItem.tsx","statementMap":{"0":{"start":{"line":47,"column":4},"end":{"line":106,"column":null}},"1":{"start":{"line":64,"column":16},"end":{"line":96,"column":null}}},"fnMap":{"0":{"name":"NavigationItem","decl":{"start":{"line":40,"column":9},"end":{"line":40,"column":24}},"loc":{"start":{"line":45,"column":24},"end":{"line":110,"column":null}},"line":45},"1":{"name":"(anonymous_1)","decl":{"start":{"line":58,"column":12},"end":{"line":58,"column":24}},"loc":{"start":{"line":64,"column":16},"end":{"line":96,"column":null}},"line":64}},"branchMap":{"0":{"loc":{"start":{"line":44,"column":4},"end":{"line":44,"column":null}},"type":"default-arg","locations":[{"start":{"line":44,"column":13},"end":{"line":44,"column":null}}],"line":44},"1":{"loc":{"start":{"line":64,"column":16},"end":{"line":96,"column":null}},"type":"cond-expr","locations":[{"start":{"line":66,"column":22},"end":{"line":85,"column":null}},{"start":{"line":85,"column":22},"end":{"line":96,"column":null}}],"line":64},"2":{"loc":{"start":{"line":76,"column":28},"end":{"line":78,"column":null}},"type":"cond-expr","locations":[{"start":{"line":77,"column":34},"end":{"line":77,"column":null}},{"start":{"line":78,"column":34},"end":{"line":78,"column":null}}],"line":76},"3":{"loc":{"start":{"line":94,"column":28},"end":{"line":96,"column":null}},"type":"cond-expr","locations":[{"start":{"line":95,"column":34},"end":{"line":95,"column":null}},{"start":{"line":96,"column":34},"end":{"line":96,"column":null}}],"line":94}},"s":{"0":6,"1":6},"f":{"0":6,"1":6},"b":{"0":[6],"1":[1,5],"2":[1,0],"3":[3,2]},"meta":{"lastBranch":4,"lastFunction":2,"lastStatement":2,"seen":{"f:40:9:40:24":0,"b:44:13:44:Infinity":0,"s:47:4:106:Infinity":0,"f:58:12:58:24":1,"s:64:16:96:Infinity":1,"b:66:22:85:Infinity:85:22:96:Infinity":1,"b:77:34:77:Infinity:78:34:78:Infinity":2,"b:95:34:95:Infinity:96:34:96:Infinity":3},"fnNames":{}}}
,"/Users/adarshatluri/Development/personal-assistant/frontend/src/components/PageContainer.tsx": {"path":"/Users/adarshatluri/Development/personal-assistant/frontend/src/components/PageContainer.tsx","statementMap":{"0":{"start":{"line":28,"column":4},"end":{"line":64,"column":null}}},"fnMap":{"0":{"name":"PageContainer","decl":{"start":{"line":25,"column":9},"end":{"line":25,"column":23}},"loc":{"start":{"line":27,"column":23},"end":{"line":66,"column":null}},"line":27}},"branchMap":{},"s":{"0":3},"f":{"0":3},"b":{},"meta":{"lastBranch":0,"lastFunction":1,"lastStatement":1,"seen":{"f:25:9:25:23":0,"s:28:4:64:Infinity":0},"fnNames":{}}}
,"/Users/adarshatluri/Development/personal-assistant/frontend/src/components/ProgressBar.tsx": {"path":"/Users/adarshatluri/Development/personal-assistant/frontend/src/components/ProgressBar.tsx","statementMap":{"0":{"start":{"line":75,"column":23},"end":{"line":78,"column":null}},"1":{"start":{"line":80,"column":4},"end":{"line":145,"column":null}}},"fnMap":{"0":{"name":"ProgressBar","decl":{"start":{"line":58,"column":9},"end":{"line":58,"column":21}},"loc":{"start":{"line":66,"column":21},"end":{"line":148,"column":null}},"line":66}},"branchMap":{"0":{"loc":{"start":{"line":62,"column":4},"end":{"line":62,"column":null}},"type":"default-arg","locations":[{"start":{"line":62,"column":11},"end":{"line":62,"column":null}}],"line":62},"1":{"loc":{"start":{"line":63,"column":4},"end":{"line":63,"column":null}},"type":"default-arg","locations":[{"start":{"line":63,"column":12},"end":{"line":63,"column":null}}],"line":63},"2":{"loc":{"start":{"line":108,"column":21},"end":{"line":108,"column":59}},"type":"binary-expr","locations":[{"start":{"line":108,"column":21},"end":{"line":108,"column":39}},{"start":{"line":108,"column":39},"end":{"line":108,"column":59}}],"line":108},"3":{"loc":{"start":{"line":108,"column":63},"end":{"line":108,"column":null}},"type":"binary-expr","locations":[{"start":{"line":108,"column":63},"end":{"line":108,"column":78}},{"start":{"line":108,"column":78},"end":{"line":108,"column":null}}],"line":108}},"s":{"0":6,"1":6},"f":{"0":6},"b":{"0":[6],"1":[6],"2":[6,5],"3":[6,5]},"meta":{"lastBranch":4,"lastFunction":1,"lastStatement":2,"seen":{"f:58:9:58:21":0,"b:62:11:62:Infinity":0,"b:63:12:63:Infinity":1,"s:75:23:78:Infinity":0,"s:80:4:145:Infinity":1,"b:108:21:108:39:108:39:108:59":2,"b:108:63:108:78:108:78:108:Infinity":3},"fnNames":{}}}
,"/Users/adarshatluri/Development/personal-assistant/frontend/src/components/SaveButton.tsx": {"path":"/Users/adarshatluri/Development/personal-assistant/frontend/src/components/SaveButton.tsx","statementMap":{"0":{"start":{"line":46,"column":8},"end":{"line":60,"column":null}},"1":{"start":{"line":49,"column":16},"end":{"line":49,"column":null}},"2":{"start":{"line":52,"column":16},"end":{"line":52,"column":null}},"3":{"start":{"line":55,"column":16},"end":{"line":55,"column":null}},"4":{"start":{"line":58,"column":16},"end":{"line":58,"column":null}},"5":{"start":{"line":64,"column":4},"end":{"line":119,"column":null}}},"fnMap":{"0":{"name":"SaveButton","decl":{"start":{"line":34,"column":9},"end":{"line":34,"column":20}},"loc":{"start":{"line":38,"column":20},"end":{"line":123,"column":null}},"line":38},"1":{"name":"getButtonText","decl":{"start":{"line":44,"column":13},"end":{"line":44,"column":29}},"loc":{"start":{"line":44,"column":29},"end":{"line":62,"column":null}},"line":44}},"branchMap":{"0":{"loc":{"start":{"line":46,"column":8},"end":{"line":60,"column":null}},"type":"switch","locations":[{"start":{"line":48,"column":12},"end":{"line":49,"column":null}},{"start":{"line":51,"column":12},"end":{"line":52,"column":null}},{"start":{"line":54,"column":12},"end":{"line":55,"column":null}},{"start":{"line":57,"column":12},"end":{"line":58,"column":null}}],"line":46},"1":{"loc":{"start":{"line":109,"column":24},"end":{"line":110,"column":null}},"type":"binary-expr","locations":[{"start":{"line":109,"column":24},"end":{"line":109,"column":null}},{"start":{"line":110,"column":25},"end":{"line":110,"column":37}},{"start":{"line":110,"column":37},"end":{"line":110,"column":null}}],"line":109}},"s":{"0":8,"1":2,"2":2,"3":2,"4":2,"5":8},"f":{"0":8,"1":8},"b":{"0":[2,2,2,2],"1":[8,6,4]},"meta":{"lastBranch":2,"lastFunction":2,"lastStatement":6,"seen":{"f:34:9:34:20":0,"f:44:13:44:29":1,"b:48:12:49:Infinity:51:12:52:Infinity:54:12:55:Infinity:57:12:58:Infinity":0,"s:46:8:60:Infinity":0,"s:49:16:49:Infinity":1,"s:52:16:52:Infinity":2,"s:55:16:55:Infinity":3,"s:58:16:58:Infinity":4,"s:64:4:119:Infinity":5,"b:109:24:109:Infinity:110:25:110:37:110:37:110:Infinity":1},"fnNames":{}}}
,"/Users/adarshatluri/Development/personal-assistant/frontend/src/components/Select.tsx": {"path":"/Users/adarshatluri/Development/personal-assistant/frontend/src/components/Select.tsx","statementMap":{"0":{"start":{"line":51,"column":4},"end":{"line":101,"column":null}}},"fnMap":{"0":{"name":"Select","decl":{"start":{"line":45,"column":9},"end":{"line":45,"column":16}},"loc":{"start":{"line":49,"column":16},"end":{"line":103,"column":null}},"line":49}},"branchMap":{},"s":{"0":6},"f":{"0":6},"b":{},"meta":{"lastBranch":0,"lastFunction":1,"lastStatement":1,"seen":{"f:45:9:45:16":0,"s:51:4:101:Infinity":0},"fnNames":{}}}
,"/Users/adarshatluri/Development/personal-assistant/frontend/src/components/TextArea.tsx": {"path":"/Users/adarshatluri/Development/personal-assistant/frontend/src/components/TextArea.tsx","statementMap":{"0":{"start":{"line":43,"column":4},"end":{"line":94,"column":null}}},"fnMap":{"0":{"name":"TextArea","decl":{"start":{"line":38,"column":9},"end":{"line":38,"column":18}},"loc":{"start":{"line":41,"column":18},"end":{"line":96,"column":null}},"line":41}},"branchMap":{},"s":{"0":6},"f":{"0":6},"b":{},"meta":{"lastBranch":0,"lastFunction":1,"lastStatement":1,"seen":{"f:38:9:38:18":0,"s:43:4:94:Infinity":0},"fnNames":{}}}
,"/Users/adarshatluri/Development/personal-assistant/frontend/src/components/TextInput.tsx": {"path":"/Users/adarshatluri/Development/personal-assistant/frontend/src/components/TextInput.tsx","statementMap":{"0":{"start":{"line":19,"column":0},"end":{"line":21,"column":null}},"1":{"start":{"line":20,"column":4},"end":{"line":20,"column":null}},"2":{"start":{"line":62,"column":4},"end":{"line":116,"column":null}}},"fnMap":{"0":{"name":"(anonymous_0)","decl":{"start":{"line":19,"column":0},"end":{"line":19,"column":16}},"loc":{"start":{"line":19,"column":16},"end":{"line":21,"column":1}},"line":19},"1":{"name":"TextInput","decl":{"start":{"line":55,"column":9},"end":{"line":55,"column":19}},"loc":{"start":{"line":61,"column":19},"end":{"line":120,"column":null}},"line":61}},"branchMap":{},"s":{"0":1,"1":5,"2":5},"f":{"0":5,"1":5},"b":{},"meta":{"lastBranch":0,"lastFunction":2,"lastStatement":3,"seen":{"s:19:0:21:Infinity":0,"f:19:0:19:16":0,"s:20:4:20:Infinity":1,"f:55:9:55:19":1,"s:62:4:116:Infinity":2},"fnNames":{}}}
,"/Users/adarshatluri/Development/personal-assistant/frontend/src/utils/calculateSleepDuration.ts": {"path":"/Users/adarshatluri/Development/personal-assistant/frontend/src/utils/calculateSleepDuration.ts","statementMap":{"0":{"start":{"line":23,"column":4},"end":{"line":25,"column":null}},"1":{"start":{"line":24,"column":8},"end":{"line":24,"column":null}},"2":{"start":{"line":32,"column":37},"end":{"line":34,"column":null}},"3":{"start":{"line":36,"column":33},"end":{"line":38,"column":null}},"4":{"start":{"line":44,"column":18},"end":{"line":44,"column":null}},"5":{"start":{"line":45,"column":4},"end":{"line":45,"column":null}},"6":{"start":{"line":47,"column":16},"end":{"line":47,"column":null}},"7":{"start":{"line":48,"column":4},"end":{"line":48,"column":null}},"8":{"start":{"line":55,"column":4},"end":{"line":57,"column":null}},"9":{"start":{"line":56,"column":8},"end":{"line":56,"column":null}},"10":{"start":{"line":62,"column":10},"end":{"line":63,"column":null}},"11":{"start":{"line":69,"column":18},"end":{"line":69,"column":null}},"12":{"start":{"line":70,"column":20},"end":{"line":70,"column":null}},"13":{"start":{"line":75,"column":4},"end":{"line":75,"column":null}}},"fnMap":{"0":{"name":"calculateSleepDuration","decl":{"start":{"line":14,"column":16},"end":{"line":14,"column":null}},"loc":{"start":{"line":17,"column":10},"end":{"line":77,"column":null}},"line":17}},"branchMap":{"0":{"loc":{"start":{"line":23,"column":4},"end":{"line":25,"column":null}},"type":"if","locations":[{"start":{"line":23,"column":4},"end":{"line":25,"column":null}},{"start":{},"end":{}}],"line":23},"1":{"loc":{"start":{"line":23,"column":8},"end":{"line":23,"column":32}},"type":"binary-expr","locations":[{"start":{"line":23,"column":8},"end":{"line":23,"column":22}},{"start":{"line":23,"column":22},"end":{"line":23,"column":32}}],"line":23},"2":{"loc":{"start":{"line":55,"column":4},"end":{"line":57,"column":null}},"type":"if","locations":[{"start":{"line":55,"column":4},"end":{"line":57,"column":null}},{"start":{},"end":{}}],"line":55}},"s":{"0":5,"1":3,"2":2,"3":2,"4":2,"5":2,"6":2,"7":2,"8":2,"9":2,"10":2,"11":2,"12":2,"13":2},"f":{"0":5},"b":{"0":[3,2],"1":[5,3],"2":[2,0]},"meta":{"lastBranch":3,"lastFunction":1,"lastStatement":14,"seen":{"f:14:16:14:Infinity":0,"b:23:4:25:Infinity:undefined:undefined:undefined:undefined":0,"s:23:4:25:Infinity":0,"b:23:8:23:22:23:22:23:32":1,"s:24:8:24:Infinity":1,"s:32:37:34:Infinity":2,"s:36:33:38:Infinity":3,"s:44:18:44:Infinity":4,"s:45:4:45:Infinity":5,"s:47:16:47:Infinity":6,"s:48:4:48:Infinity":7,"b:55:4:57:Infinity:undefined:undefined:undefined:undefined":2,"s:55:4:57:Infinity":8,"s:56:8:56:Infinity":9,"s:62:10:63:Infinity":10,"s:69:18:69:Infinity":11,"s:70:20:70:Infinity":12,"s:75:4:75:Infinity":13},"fnNames":{}}}
,"/Users/adarshatluri/Development/personal-assistant/frontend/src/utils/createEmptyBodyMeasurements.ts": {"path":"/Users/adarshatluri/Development/personal-assistant/frontend/src/utils/createEmptyBodyMeasurements.ts","statementMap":{"0":{"start":{"line":13,"column":4},"end":{"line":53,"column":null}}},"fnMap":{"0":{"name":"createEmptyBodyMeasurements","decl":{"start":{"line":11,"column":16},"end":{"line":11,"column":64}},"loc":{"start":{"line":11,"column":64},"end":{"line":55,"column":null}},"line":11}},"branchMap":{},"s":{"0":1},"f":{"0":1},"b":{},"meta":{"lastBranch":0,"lastFunction":1,"lastStatement":1,"seen":{"f:11:16:11:64":0,"s:13:4:53:Infinity":0},"fnNames":{}}}
,"/Users/adarshatluri/Development/personal-assistant/frontend/src/utils/createEmptyDailyLog.ts": {"path":"/Users/adarshatluri/Development/personal-assistant/frontend/src/utils/createEmptyDailyLog.ts","statementMap":{"0":{"start":{"line":12,"column":4},"end":{"line":96,"column":null}}},"fnMap":{"0":{"name":"createEmptyDailyLog","decl":{"start":{"line":11,"column":16},"end":{"line":11,"column":48}},"loc":{"start":{"line":11,"column":48},"end":{"line":97,"column":null}},"line":11}},"branchMap":{},"s":{"0":1},"f":{"0":1},"b":{},"meta":{"lastBranch":0,"lastFunction":1,"lastStatement":1,"seen":{"f:11:16:11:48":0,"s:12:4:96:Infinity":0},"fnNames":{}}}
}
